[LOG] System::create                           : Header version = 1.10.09. Current version = 1.10.09.
[LOG] Manager::init                            : maxchannels = 256 studioflags = 00000006 flags 00000000 extradriverdata 0x0.
[LOG] SystemI::init                            : Initialize version=11009 (97915), maxchannels=256, flags=0x00020000
[LOG] SystemI::setOutputInternal               : Setting output to 'FMOD Core Audio Output'
[LOG] OutputCoreAudio::enumerate               : Enumerating...
[LOG] OutputCoreAudio::enumerate               : Found output driver: "Built-in Output".
[LOG] OutputCoreAudio::enumerate               : Found output driver: "Soundflower (2ch)".
[LOG] OutputCoreAudio::enumerate               : Found output driver: "Soundflower (64ch)".
[LOG] OutputCoreAudio::enumerate               : Found output driver: "Pro Tools Aggregate I/O".
[LOG] OutputCoreAudio::enumerate               : Done.
[LOG] OutputCoreAudio::init                    : Output running 2 channels at 48000Hz sample rate.
[LOG] OutputCoreAudio::init                    : Maximum hardware read size: 1024 samples, Software buffer size: 512 samples, Number of software buffers: 4.
[LOG] Thread::initThread                       : Init FMOD stream thread. Priority: 2, Stack Size: 65536, Semaphore: No, Sleep Time: 10, Looping: Yes.
[LOG] Thread::initThread                       : Init FMOD mixer thread. Priority: 3, Stack Size: 49152, Semaphore: Yes, Sleep Time: 0, Looping: Yes.
[LOG] AsyncManager::init                       : manager 0x7fb64a112608 isAsync 0 updatePeriod 0.02
[LOG] AsyncManager::init                       : done
[LOG] PlaybackSystem::init                     : 
[LOG] Thread::initThread                       : Init FMOD Studio sample load thread. Priority: 0, Stack Size: 65536, Semaphore: No, Sleep Time: 1, Looping: No.
[LOG] PlaybackSystem::init                     : done
[LOG] Thread::initThread                       : Init FMOD Studio bank load thread. Priority: 0, Stack Size: 65536, Semaphore: No, Sleep Time: 1, Looping: No.
[LOG] Manager::init                            : done.
[LOG] SoundI::release                          : 8BitSheepCompleteSimpleVersion (0x7fb6481693c8)
[LOG] SoundI::release                          :     8BitSheepCompleteSimpleVersion (0x7fb644715298)
[LOG] SoundI::release                          :     8BitSheepCompleteSimpleVersion (0x7fb644715428)
[LOG] SoundI::release                          : 8BitSheepCompleteExtraStuff (0x7fb648136448)
[LOG] SoundI::release                          :     8BitSheepCompleteExtraStuff (0x7fb64023f8a8)
[LOG] SoundI::release                          :     8BitSheepCompleteExtraStuff (0x7fb64023fa38)
[LOG] Thread::callback                         : FMOD Studio update thread finished.
[LOG] Thread::callback                         : FMOD Studio bank load thread finished.
[LOG] Profile::disconnectAll                   : Profiler disconnecting all clients
[LOG] Thread::callback                         : FMOD Studio sample load thread finished.
[LOG] LiveUpdate::release                      : 
[LOG] LiveUpdate::reset                        : Reset connection (reason Disconnected)
[LOG] Thread::callback                         : FMOD stream thread finished.
[LOG] Thread::callback                         : FMOD mixer thread finished.
[LOG] Profile::disconnectAll                   : Profiler disconnecting all clients
[LOG] SystemI::close                           : Closed.
